<?xml version="1.0" encoding="UTF-8"?>
<!-- Generated by org.testng.reporters.JUnitReportReporter -->
<testsuite hostname="EC2AMAZ-R1ME3KD" failures="0" tests="1" name="testCases.AddToCartTest" time="43.668" errors="0" timestamp="29 Oct 2020 11:24:30 GMT" skipped="0">
  <testcase classname="testCases.AddToCartTest" name="createAndDeleteBoxes" time="43.668"/>
</testsuite> <!-- testCases.AddToCartTest -->
