<?xml version="1.0" encoding="UTF-8"?>
<!-- Generated by org.testng.reporters.JUnitReportReporter -->
<testsuite hostname="EC2AMAZ-R1ME3KD" failures="0" tests="1" name="testCases.AddToCartTest" time="7.262" errors="0" timestamp="02 Nov 2020 05:56:00 GMT" skipped="0">
  <testcase classname="testCases.AddToCartTest" name="createAndDeleteBoxes" time="7.262"/>
</testsuite> <!-- testCases.AddToCartTest -->
