<?xml version="1.0" encoding="UTF-8"?>
<!-- Generated by org.testng.reporters.JUnitReportReporter -->
<testsuite hostname="EC2AMAZ-R1ME3KD" failures="0" tests="1" name="testCases.AddToCartTest2" time="40.818" errors="0" timestamp="29 Oct 2020 21:55:07 GMT" skipped="0">
  <testcase classname="testCases.AddToCartTest2" name="createAndDeleteBoxes" time="40.818"/>
</testsuite> <!-- testCases.AddToCartTest2 -->
