<?xml version="1.0" encoding="UTF-8"?>
<!-- Generated by org.testng.reporters.JUnitReportReporter -->
<testsuite skipped="0" hostname="EC2AMAZ-R1ME3KD" name="testCases.AddToCartTest2" tests="1" failures="0" timestamp="31 Oct 2020 09:09:46 GMT" time="40.825" errors="0">
  <testcase name="createAndDeleteBoxes" time="40.825" classname="testCases.AddToCartTest2"/>
</testsuite> <!-- testCases.AddToCartTest2 -->
